<?xml version="1.0" encoding="UTF-8"?>
<testng-results ignored="0" total="5" passed="5" failed="0" skipped="0">
  <reporter-output>
  </reporter-output>
  <suite started-at="2025-03-07T16:31:45 IST" name="Suite" finished-at="2025-03-07T16:31:45 IST" duration-ms="200">
    <groups>
    </groups>
    <test started-at="2025-03-07T16:31:45 IST" name="Test" finished-at="2025-03-07T16:31:45 IST" duration-ms="200">
      <class name="pac1.ContactTest">
        <test-method signature="createContactTest()[pri:0, instance:pac1.ContactTest@7b9a4292]" started-at="2025-03-07T16:31:45 IST" name="createContactTest" finished-at="2025-03-07T16:31:45 IST" duration-ms="19" status="PASS">
          <reporter-output>
          </reporter-output>
        </test-method> <!-- createContactTest -->
        <test-method signature="deleteContactTest()[pri:0, instance:pac1.ContactTest@7b9a4292]" started-at="2025-03-07T16:31:45 IST" name="deleteContactTest" finished-at="2025-03-07T16:31:45 IST" duration-ms="7" status="PASS">
          <reporter-output>
          </reporter-output>
        </test-method> <!-- deleteContactTest -->
        <test-method signature="modifyContactTest()[pri:0, instance:pac1.ContactTest@7b9a4292]" started-at="2025-03-07T16:31:45 IST" name="modifyContactTest" finished-at="2025-03-07T16:31:45 IST" duration-ms="6" status="PASS">
          <reporter-output>
          </reporter-output>
        </test-method> <!-- modifyContactTest -->
      </class> <!-- pac1.ContactTest -->
      <class name="pac2.copy.orgTest">
        <test-method signature="createOrgTest()[pri:0, instance:pac2.copy.orgTest@7ec7ffd3]" started-at="2025-03-07T16:31:45 IST" name="createOrgTest" finished-at="2025-03-07T16:31:45 IST" duration-ms="6" status="PASS">
          <reporter-output>
          </reporter-output>
        </test-method> <!-- createOrgTest -->
        <test-method signature="modifyOrgTest()[pri:0, instance:pac2.copy.orgTest@7ec7ffd3]" started-at="2025-03-07T16:31:45 IST" name="modifyOrgTest" finished-at="2025-03-07T16:31:45 IST" duration-ms="5" status="PASS">
          <reporter-output>
          </reporter-output>
        </test-method> <!-- modifyOrgTest -->
      </class> <!-- pac2.copy.orgTest -->
    </test> <!-- Test -->
  </suite> <!-- Suite -->
</testng-results>
