<?xml version="1.0" encoding="UTF-8"?>
<!-- Generated by org.testng.reporters.JUnitXMLReporter -->
<testsuite ignored="0" hostname="DESKTOP-GIOSOTT" failures="0" tests="5" name="Test" time="0.2" errors="0" timestamp="2025-03-07T16:31:46 IST">
  <testcase classname="pac1.ContactTest" name="createContactTest" time="0.019"/>
  <testcase classname="pac1.ContactTest" name="deleteContactTest" time="0.007"/>
  <testcase classname="pac1.ContactTest" name="modifyContactTest" time="0.006"/>
  <testcase classname="pac2.copy.orgTest" name="createOrgTest" time="0.006"/>
  <testcase classname="pac2.copy.orgTest" name="modifyOrgTest" time="0.005"/>
</testsuite> <!-- Test -->
