<?xml version="1.0" encoding="UTF-8"?>
<!-- Generated by org.testng.reporters.JUnitXMLReporter -->
<testsuite ignored="0" hostname="DESKTOP-GIOSOTT" failures="0" tests="3" name="Default test" time="0.135" errors="0" timestamp="2025-03-07T16:31:19 IST">
  <testcase classname="pac1.ContactTest" name="createContactTest" time="0.015"/>
  <testcase classname="pac1.ContactTest" name="deleteContactTest" time="0.003"/>
  <testcase classname="pac1.ContactTest" name="modifyContactTest" time="0.003"/>
</testsuite> <!-- Default test -->
