<?xml version="1.0" encoding="UTF-8"?>
<testng-results ignored="0" total="2" passed="2" failed="0" skipped="0">
  <reporter-output>
  </reporter-output>
  <suite started-at="2025-03-07T17:19:14 IST" name="Suite" finished-at="2025-03-07T17:19:14 IST" duration-ms="81">
    <groups>
    </groups>
    <test started-at="2025-03-07T17:19:14 IST" name="Test" finished-at="2025-03-07T17:19:14 IST" duration-ms="81">
      <class name="pac2.copy.orgTest">
        <test-method signature="createOrgTest()[pri:0, instance:pac2.copy.orgTest@12e61fe6]" started-at="2025-03-07T17:19:14 IST" name="createOrgTest" finished-at="2025-03-07T17:19:14 IST" duration-ms="11" status="PASS">
          <reporter-output>
          </reporter-output>
        </test-method> <!-- createOrgTest -->
        <test-method signature="modifyOrgTest()[pri:0, instance:pac2.copy.orgTest@12e61fe6]" started-at="2025-03-07T17:19:14 IST" name="modifyOrgTest" finished-at="2025-03-07T17:19:14 IST" duration-ms="3" status="PASS">
          <reporter-output>
          </reporter-output>
        </test-method> <!-- modifyOrgTest -->
      </class> <!-- pac2.copy.orgTest -->
    </test> <!-- Test -->
  </suite> <!-- Suite -->
</testng-results>
